2021-08-26 13:38:05,895 - DEBUG - Start of program
2021-08-26 13:38:05,895 - DEBUG - Start of factorial(5)
2021-08-26 13:38:05,895 - DEBUG - i is 1, total is 1
2021-08-26 13:38:05,895 - DEBUG - i is 2, total is 2
2021-08-26 13:38:05,895 - DEBUG - i is 3, total is 6
2021-08-26 13:38:05,895 - DEBUG - i is 4, total is 24
2021-08-26 13:38:05,895 - DEBUG - i is 5, total is 120
2021-08-26 13:38:05,895 - DEBUG - Return value is 120
2021-08-26 13:38:05,895 - DEBUG - End of Program
2021-08-26 13:38:58,468 - INFO - Start of program
2021-08-26 13:38:58,468 - DEBUG - Start of factorial(5)
2021-08-26 13:38:58,468 - DEBUG - i is 1, total is 1
2021-08-26 13:38:58,468 - DEBUG - i is 2, total is 2
2021-08-26 13:38:58,468 - DEBUG - i is 3, total is 6
2021-08-26 13:38:58,468 - DEBUG - i is 4, total is 24
2021-08-26 13:38:58,468 - DEBUG - i is 5, total is 120
2021-08-26 13:38:58,468 - DEBUG - Return value is 120
2021-08-26 13:38:58,468 - INFO - End of Program
2021-08-26 13:39:23,851 - INFO - Start of program
2021-08-26 13:39:23,851 - INFO - Start of factorial(5)
2021-08-26 13:39:23,851 - DEBUG - i is 1, total is 1
2021-08-26 13:39:23,851 - DEBUG - i is 2, total is 2
2021-08-26 13:39:23,851 - DEBUG - i is 3, total is 6
2021-08-26 13:39:23,851 - DEBUG - i is 4, total is 24
2021-08-26 13:39:23,852 - DEBUG - i is 5, total is 120
2021-08-26 13:39:23,852 - DEBUG - Return value is 120
2021-08-26 13:39:23,852 - INFO - End of Program
2021-08-26 14:10:17,950 - INFO - Start of program
2021-08-26 14:10:17,950 - INFO - Start of factorial(5)
2021-08-26 14:10:17,950 - DEBUG - i is 1, total is 1
2021-08-26 14:10:17,951 - DEBUG - i is 2, total is 2
2021-08-26 14:10:17,951 - DEBUG - i is 3, total is 6
2021-08-26 14:10:17,951 - DEBUG - i is 4, total is 24
2021-08-26 14:10:17,951 - DEBUG - i is 5, total is 120
2021-08-26 14:10:17,951 - DEBUG - Return value is 120
2021-08-26 14:10:17,951 - INFO - End of Program
2021-08-26 14:19:19,215 - INFO - Start of program
2021-08-26 14:19:19,216 - INFO - Start of factorial(5)
2021-08-26 14:19:19,217 - DEBUG - i is 1, total is 1
2021-08-26 14:19:19,217 - DEBUG - i is 2, total is 2
2021-08-26 14:19:19,217 - DEBUG - i is 3, total is 6
2021-08-26 14:19:19,217 - DEBUG - i is 4, total is 24
2021-08-26 14:19:19,217 - DEBUG - i is 5, total is 120
2021-08-26 14:19:19,217 - DEBUG - Return value is 120
2021-08-26 14:19:19,218 - INFO - End of Program
2021-09-03 15:24:31,164 - INFO - Start of program
2021-09-03 15:24:31,168 - INFO - Start of factorial(5)
2021-09-03 15:24:31,168 - DEBUG - i is 1, total is 1
2021-09-03 15:24:31,168 - DEBUG - i is 2, total is 2
2021-09-03 15:24:31,168 - DEBUG - i is 3, total is 6
2021-09-03 15:24:31,168 - DEBUG - i is 4, total is 24
2021-09-03 15:24:31,168 - DEBUG - i is 5, total is 120
2021-09-03 15:24:31,168 - DEBUG - Return value is 120
2021-09-03 15:24:31,169 - INFO - End of Program
2021-09-03 15:25:48,555 - INFO - Start of program
2021-09-03 15:25:48,556 - INFO - Start of factorial(5)
2021-09-03 15:25:48,556 - DEBUG - i is 1, total is 1
2021-09-03 15:25:48,556 - DEBUG - i is 2, total is 2
2021-09-03 15:25:48,556 - DEBUG - i is 3, total is 6
2021-09-03 15:25:48,556 - DEBUG - i is 4, total is 24
2021-09-03 15:25:48,556 - DEBUG - i is 5, total is 120
2021-09-03 15:25:48,556 - DEBUG - Return value is 120
2021-09-03 15:25:48,556 - INFO - End of Program
2021-09-03 15:25:57,464 - INFO - Start of program
2021-09-03 15:25:57,464 - INFO - Start of factorial(5)
2021-09-03 15:25:57,465 - DEBUG - i is 1, total is 1
2021-09-03 15:25:57,465 - DEBUG - i is 2, total is 2
2021-09-03 15:25:57,465 - DEBUG - i is 3, total is 6
2021-09-03 15:25:57,465 - DEBUG - i is 4, total is 24
2021-09-03 15:25:57,465 - DEBUG - i is 5, total is 120
2021-09-03 15:25:57,465 - DEBUG - Return value is 120
2021-09-03 15:25:57,465 - INFO - End of Program
